<?xml version="1.0" encoding="UTF-8"?>
<!-- Generated by org.testng.reporters.JUnitReportReporter -->
<testsuite hostname="Chad-Catess-MacBook-Pro-2.local" name="GhostModule" tests="1" failures="0" timestamp="4 Oct 2016 16:30:45 GMT" time="82.952" errors="0">
  <testcase name="Login" time="82.952" classname="GhostModule"/>
</testsuite> <!-- GhostModule -->
