<?xml version="1.0" encoding="UTF-8"?>
<!-- Generated by org.testng.reporters.JUnitReportReporter -->
<testsuite hostname="Chad-Catess-MacBook-Pro-2.local" name="GhostModule" tests="1" failures="0" timestamp="4 Oct 2016 18:32:57 GMT" time="74.862" errors="0">
  <testcase name="Login" time="74.862" classname="GhostModule"/>
</testsuite> <!-- GhostModule -->
